<?xml version="1.0" encoding="UTF-8"?>
<testsuite xmlns:xsi="http://www.w3.org/2001/XMLSchema-instance" xsi:noNamespaceSchemaLocation="https://maven.apache.org/surefire/maven-surefire-plugin/xsd/surefire-test-report-3.0.xsd" version="3.0" name="ar.edu.utnfc.backend.bulkdata.ListaSimpleTest" time="0.104" tests="1" errors="0" skipped="0" failures="0">
  <properties>
    <property name="java.specification.version" value="21"/>
    <property name="sun.cpu.isalist" value="amd64"/>
    <property name="sun.jnu.encoding" value="Cp1252"/>
    <property name="java.class.path" value="C:\Users\HP\Documents\2025\BACKEND\semanatrespractico\target\test-classes;C:\Users\HP\Documents\2025\BACKEND\semanatrespractico\target\classes;C:\Users\HP\.m2\repository\org\junit\jupiter\junit-jupiter-api\5.11.0\junit-jupiter-api-5.11.0.jar;C:\Users\HP\.m2\repository\org\opentest4j\opentest4j\1.3.0\opentest4j-1.3.0.jar;C:\Users\HP\.m2\repository\org\junit\platform\junit-platform-commons\1.11.0\junit-platform-commons-1.11.0.jar;C:\Users\HP\.m2\repository\org\apiguardian\apiguardian-api\1.1.2\apiguardian-api-1.1.2.jar;C:\Users\HP\.m2\repository\org\junit\jupiter\junit-jupiter-params\5.11.0\junit-jupiter-params-5.11.0.jar;C:\Users\HP\.m2\repository\org\junit\jupiter\junit-jupiter-engine\5.11.0\junit-jupiter-engine-5.11.0.jar;C:\Users\HP\.m2\repository\org\junit\platform\junit-platform-engine\1.11.0\junit-platform-engine-1.11.0.jar;C:\Users\HP\.m2\repository\org\projectlombok\lombok\1.18.38\lombok-1.18.38.jar;"/>
    <property name="java.vm.vendor" value="Oracle Corporation"/>
    <property name="sun.arch.data.model" value="64"/>
    <property name="user.variant" value=""/>
    <property name="java.vendor.url" value="https://java.oracle.com/"/>
    <property name="user.timezone" value="America/Buenos_Aires"/>
    <property name="os.name" value="Windows 11"/>
    <property name="java.vm.specification.version" value="21"/>
    <property name="user.country" value="AR"/>
    <property name="sun.java.launcher" value="SUN_STANDARD"/>
    <property name="sun.boot.library.path" value="C:\Program Files\Java\jdk-21\bin"/>
    <property name="sun.java.command" value="C:\Users\HP\AppData\Local\Temp\surefire4979693518425322683\surefirebooter-20250831180636821_3.jar C:\Users\HP\AppData\Local\Temp\surefire4979693518425322683 2025-08-31T18-06-36_527-jvmRun1 surefire-20250831180636821_1tmp surefire_0-20250831180636821_2tmp"/>
    <property name="jdk.debug" value="release"/>
    <property name="test" value="ar.edu.utnfc.backend.bulkdata.ListaSimpleTest#GetItemManejoException"/>
    <property name="surefire.test.class.path" value="C:\Users\HP\Documents\2025\BACKEND\semanatrespractico\target\test-classes;C:\Users\HP\Documents\2025\BACKEND\semanatrespractico\target\classes;C:\Users\HP\.m2\repository\org\junit\jupiter\junit-jupiter-api\5.11.0\junit-jupiter-api-5.11.0.jar;C:\Users\HP\.m2\repository\org\opentest4j\opentest4j\1.3.0\opentest4j-1.3.0.jar;C:\Users\HP\.m2\repository\org\junit\platform\junit-platform-commons\1.11.0\junit-platform-commons-1.11.0.jar;C:\Users\HP\.m2\repository\org\apiguardian\apiguardian-api\1.1.2\apiguardian-api-1.1.2.jar;C:\Users\HP\.m2\repository\org\junit\jupiter\junit-jupiter-params\5.11.0\junit-jupiter-params-5.11.0.jar;C:\Users\HP\.m2\repository\org\junit\jupiter\junit-jupiter-engine\5.11.0\junit-jupiter-engine-5.11.0.jar;C:\Users\HP\.m2\repository\org\junit\platform\junit-platform-engine\1.11.0\junit-platform-engine-1.11.0.jar;C:\Users\HP\.m2\repository\org\projectlombok\lombok\1.18.38\lombok-1.18.38.jar;"/>
    <property name="sun.cpu.endian" value="little"/>
    <property name="user.home" value="C:\Users\HP"/>
    <property name="user.language" value="es"/>
    <property name="java.specification.vendor" value="Oracle Corporation"/>
    <property name="java.version.date" value="2025-04-15"/>
    <property name="java.home" value="C:\Program Files\Java\jdk-21"/>
    <property name="file.separator" value="\"/>
    <property name="basedir" value="C:\Users\HP\Documents\2025\BACKEND\semanatrespractico"/>
    <property name="java.vm.compressedOopsMode" value="32-bit"/>
    <property name="line.separator" value="&#10;"/>
    <property name="java.vm.specification.vendor" value="Oracle Corporation"/>
    <property name="java.specification.name" value="Java Platform API Specification"/>
    <property name="surefire.real.class.path" value="C:\Users\HP\AppData\Local\Temp\surefire4979693518425322683\surefirebooter-20250831180636821_3.jar"/>
    <property name="user.script" value=""/>
    <property name="sun.management.compiler" value="HotSpot 64-Bit Tiered Compilers"/>
    <property name="java.runtime.version" value="21.0.7+8-LTS-245"/>
    <property name="user.name" value="HP"/>
    <property name="stdout.encoding" value="Cp1252"/>
    <property name="path.separator" value=";"/>
    <property name="os.version" value="10.0"/>
    <property name="java.runtime.name" value="Java(TM) SE Runtime Environment"/>
    <property name="file.encoding" value="UTF-8"/>
    <property name="java.vm.name" value="Java HotSpot(TM) 64-Bit Server VM"/>
    <property name="maven.ext.class.path" value="C:\Users\HP\.vscode\extensions\oracle.oracle-java-24.1.0\nbcode\java\maven-nblib\netbeans-eventspy.jar"/>
    <property name="localRepository" value="C:\Users\HP\.m2\repository"/>
    <property name="java.vendor.url.bug" value="https://bugreport.java.com/bugreport/"/>
    <property name="java.io.tmpdir" value="C:\Users\HP\AppData\Local\Temp\"/>
    <property name="java.version" value="21.0.7"/>
    <property name="user.dir" value="C:\Users\HP\Documents\2025\BACKEND\semanatrespractico"/>
    <property name="os.arch" value="amd64"/>
    <property name="java.vm.specification.name" value="Java Virtual Machine Specification"/>
    <property name="sun.os.patch.level" value=""/>
    <property name="native.encoding" value="Cp1252"/>
    <property name="java.library.path" value="C:\Program Files\Java\jdk-21\bin;C:\WINDOWS\Sun\Java\bin;C:\WINDOWS\system32;C:\WINDOWS;C:\Users\HP\Documents\2025\BACKEND\maven\apache-maven-3.9.11\bin;C:\Program Files\Java\jdk-21\bin;C:\Users\HP\Documents\2025\BACKEND\maven\apache-maven-3.9.11\bin;C:\Program Files\Java\jdk-21.0.7\bin;C:\WINDOWS\system32;C:\WINDOWS;C:\WINDOWS\System32\Wbem;C:\WINDOWS\System32\WindowsPowerShell\v1.0\;C:\WINDOWS\System32\OpenSSH\;D:\PPR\swipl\bin;C:\Program Files\nodejs\;C:\Program Files\Git\cmd;C:\Users\HP\AppData\Local\Programs\Python\Launcher\;C:\Users\HP\AppData\Local\Microsoft\WindowsApps;;C:\Program Files\JetBrains\PyCharm Community Edition 2023.3.4\bin;;C:\Users\HP\AppData\Roaming\npm;C:\Users\HP\AppData\Local\Programs\Microsoft VS Code\bin;C:\Program Files\JetBrains\IntelliJ IDEA Community Edition 2025.1.4.1\bin;;."/>
    <property name="java.vm.info" value="mixed mode, sharing"/>
    <property name="stderr.encoding" value="Cp1252"/>
    <property name="java.vendor" value="Oracle Corporation"/>
    <property name="java.vm.version" value="21.0.7+8-LTS-245"/>
    <property name="sun.io.unicode.encoding" value="UnicodeLittle"/>
    <property name="java.class.version" value="65.0"/>
  </properties>
  <testcase name="GetItemManejoException" classname="ar.edu.utnfc.backend.bulkdata.ListaSimpleTest" time="0.057"/>
</testsuite>